::1 - - [15/Jan/2022:21:49:35 +0000] "GET / HTTP/1.1" 304 - "-" "Mozilla/5.0 (Windows NT 10.0; Win64; x64) AppleWebKit/537.36 (KHTML, like Gecko) Chrome/97.0.4692.71 Safari/537.36"
::1 - - [15/Jan/2022:21:49:35 +0000] "GET /css/main.css HTTP/1.1" 304 - "http://localhost:3000/" "Mozilla/5.0 (Windows NT 10.0; Win64; x64) AppleWebKit/537.36 (KHTML, like Gecko) Chrome/97.0.4692.71 Safari/537.36"
::1 - - [15/Jan/2022:21:49:35 +0000] "GET /js/main.js HTTP/1.1" 304 - "http://localhost:3000/" "Mozilla/5.0 (Windows NT 10.0; Win64; x64) AppleWebKit/537.36 (KHTML, like Gecko) Chrome/97.0.4692.71 Safari/537.36"
::1 - - [15/Jan/2022:21:49:35 +0000] "GET /css/product.css HTTP/1.1" 304 - "http://localhost:3000/" "Mozilla/5.0 (Windows NT 10.0; Win64; x64) AppleWebKit/537.36 (KHTML, like Gecko) Chrome/97.0.4692.71 Safari/537.36"
::1 - - [15/Jan/2022:21:49:35 +0000] "GET /https://cdn3.iconfinder.com/data/icons/3d-social-media-pack/128/Whatsapp.png HTTP/1.1" 404 - "http://localhost:3000/" "Mozilla/5.0 (Windows NT 10.0; Win64; x64) AppleWebKit/537.36 (KHTML, like Gecko) Chrome/97.0.4692.71 Safari/537.36"
::1 - - [15/Jan/2022:21:49:35 +0000] "GET /https://cdn3.iconfinder.com/data/icons/3d-social-media-pack/128/Facebook.png HTTP/1.1" 404 - "http://localhost:3000/" "Mozilla/5.0 (Windows NT 10.0; Win64; x64) AppleWebKit/537.36 (KHTML, like Gecko) Chrome/97.0.4692.71 Safari/537.36"
::1 - - [15/Jan/2022:21:49:37 +0000] "GET /?page=2 HTTP/1.1" 304 - "http://localhost:3000/" "Mozilla/5.0 (Windows NT 10.0; Win64; x64) AppleWebKit/537.36 (KHTML, like Gecko) Chrome/97.0.4692.71 Safari/537.36"
::1 - - [15/Jan/2022:21:49:37 +0000] "GET /css/main.css HTTP/1.1" 304 - "http://localhost:3000/?page=2" "Mozilla/5.0 (Windows NT 10.0; Win64; x64) AppleWebKit/537.36 (KHTML, like Gecko) Chrome/97.0.4692.71 Safari/537.36"
::1 - - [15/Jan/2022:21:49:37 +0000] "GET /css/product.css HTTP/1.1" 304 - "http://localhost:3000/?page=2" "Mozilla/5.0 (Windows NT 10.0; Win64; x64) AppleWebKit/537.36 (KHTML, like Gecko) Chrome/97.0.4692.71 Safari/537.36"
::1 - - [15/Jan/2022:21:49:37 +0000] "GET /js/main.js HTTP/1.1" 304 - "http://localhost:3000/?page=2" "Mozilla/5.0 (Windows NT 10.0; Win64; x64) AppleWebKit/537.36 (KHTML, like Gecko) Chrome/97.0.4692.71 Safari/537.36"
::1 - - [15/Jan/2022:21:49:37 +0000] "GET /https://cdn3.iconfinder.com/data/icons/3d-social-media-pack/128/Linkedin.png HTTP/1.1" 404 - "http://localhost:3000/?page=2" "Mozilla/5.0 (Windows NT 10.0; Win64; x64) AppleWebKit/537.36 (KHTML, like Gecko) Chrome/97.0.4692.71 Safari/537.36"
::1 - - [15/Jan/2022:21:49:39 +0000] "GET /?page=1 HTTP/1.1" 304 - "http://localhost:3000/?page=2" "Mozilla/5.0 (Windows NT 10.0; Win64; x64) AppleWebKit/537.36 (KHTML, like Gecko) Chrome/97.0.4692.71 Safari/537.36"
::1 - - [15/Jan/2022:21:49:39 +0000] "GET /css/main.css HTTP/1.1" 304 - "http://localhost:3000/?page=1" "Mozilla/5.0 (Windows NT 10.0; Win64; x64) AppleWebKit/537.36 (KHTML, like Gecko) Chrome/97.0.4692.71 Safari/537.36"
::1 - - [15/Jan/2022:21:49:39 +0000] "GET /css/product.css HTTP/1.1" 304 - "http://localhost:3000/?page=1" "Mozilla/5.0 (Windows NT 10.0; Win64; x64) AppleWebKit/537.36 (KHTML, like Gecko) Chrome/97.0.4692.71 Safari/537.36"
::1 - - [15/Jan/2022:21:49:39 +0000] "GET /js/main.js HTTP/1.1" 304 - "http://localhost:3000/?page=1" "Mozilla/5.0 (Windows NT 10.0; Win64; x64) AppleWebKit/537.36 (KHTML, like Gecko) Chrome/97.0.4692.71 Safari/537.36"
::1 - - [15/Jan/2022:21:49:39 +0000] "GET /https://cdn3.iconfinder.com/data/icons/3d-social-media-pack/128/Whatsapp.png HTTP/1.1" 404 - "http://localhost:3000/?page=1" "Mozilla/5.0 (Windows NT 10.0; Win64; x64) AppleWebKit/537.36 (KHTML, like Gecko) Chrome/97.0.4692.71 Safari/537.36"
::1 - - [15/Jan/2022:21:49:39 +0000] "GET /https://cdn3.iconfinder.com/data/icons/3d-social-media-pack/128/Facebook.png HTTP/1.1" 404 - "http://localhost:3000/?page=1" "Mozilla/5.0 (Windows NT 10.0; Win64; x64) AppleWebKit/537.36 (KHTML, like Gecko) Chrome/97.0.4692.71 Safari/537.36"
::1 - - [21/Jan/2022:20:56:02 +0000] "GET / HTTP/1.1" 304 - "-" "Mozilla/5.0 (Windows NT 10.0; Win64; x64) AppleWebKit/537.36 (KHTML, like Gecko) Chrome/97.0.4692.71 Safari/537.36"
::1 - - [21/Jan/2022:20:56:02 +0000] "GET /css/main.css HTTP/1.1" 304 - "http://localhost:3000/" "Mozilla/5.0 (Windows NT 10.0; Win64; x64) AppleWebKit/537.36 (KHTML, like Gecko) Chrome/97.0.4692.71 Safari/537.36"
::1 - - [21/Jan/2022:20:56:02 +0000] "GET /css/product.css HTTP/1.1" 304 - "http://localhost:3000/" "Mozilla/5.0 (Windows NT 10.0; Win64; x64) AppleWebKit/537.36 (KHTML, like Gecko) Chrome/97.0.4692.71 Safari/537.36"
::1 - - [21/Jan/2022:20:56:02 +0000] "GET /js/main.js HTTP/1.1" 304 - "http://localhost:3000/" "Mozilla/5.0 (Windows NT 10.0; Win64; x64) AppleWebKit/537.36 (KHTML, like Gecko) Chrome/97.0.4692.71 Safari/537.36"
::1 - - [21/Jan/2022:20:56:03 +0000] "GET /https://cdn3.iconfinder.com/data/icons/3d-social-media-pack/128/Whatsapp.png HTTP/1.1" 404 - "http://localhost:3000/" "Mozilla/5.0 (Windows NT 10.0; Win64; x64) AppleWebKit/537.36 (KHTML, like Gecko) Chrome/97.0.4692.71 Safari/537.36"
::1 - - [21/Jan/2022:20:56:03 +0000] "GET /https://cdn3.iconfinder.com/data/icons/3d-social-media-pack/128/Facebook.png HTTP/1.1" 404 - "http://localhost:3000/" "Mozilla/5.0 (Windows NT 10.0; Win64; x64) AppleWebKit/537.36 (KHTML, like Gecko) Chrome/97.0.4692.71 Safari/537.36"
::1 - - [21/Jan/2022:20:56:03 +0000] "GET /favicon.ico HTTP/1.1" 404 - "http://localhost:3000/" "Mozilla/5.0 (Windows NT 10.0; Win64; x64) AppleWebKit/537.36 (KHTML, like Gecko) Chrome/97.0.4692.71 Safari/537.36"
::1 - - [21/Jan/2022:20:56:05 +0000] "GET /?page=2 HTTP/1.1" 304 - "http://localhost:3000/" "Mozilla/5.0 (Windows NT 10.0; Win64; x64) AppleWebKit/537.36 (KHTML, like Gecko) Chrome/97.0.4692.71 Safari/537.36"
::1 - - [21/Jan/2022:20:56:05 +0000] "GET /css/main.css HTTP/1.1" 304 - "http://localhost:3000/?page=2" "Mozilla/5.0 (Windows NT 10.0; Win64; x64) AppleWebKit/537.36 (KHTML, like Gecko) Chrome/97.0.4692.71 Safari/537.36"
::1 - - [21/Jan/2022:20:56:05 +0000] "GET /css/product.css HTTP/1.1" 304 - "http://localhost:3000/?page=2" "Mozilla/5.0 (Windows NT 10.0; Win64; x64) AppleWebKit/537.36 (KHTML, like Gecko) Chrome/97.0.4692.71 Safari/537.36"
::1 - - [21/Jan/2022:20:56:05 +0000] "GET /js/main.js HTTP/1.1" 304 - "http://localhost:3000/?page=2" "Mozilla/5.0 (Windows NT 10.0; Win64; x64) AppleWebKit/537.36 (KHTML, like Gecko) Chrome/97.0.4692.71 Safari/537.36"
::1 - - [21/Jan/2022:20:56:05 +0000] "GET /https://cdn3.iconfinder.com/data/icons/3d-social-media-pack/128/Linkedin.png HTTP/1.1" 404 - "http://localhost:3000/?page=2" "Mozilla/5.0 (Windows NT 10.0; Win64; x64) AppleWebKit/537.36 (KHTML, like Gecko) Chrome/97.0.4692.71 Safari/537.36"
::1 - - [21/Jan/2022:20:56:06 +0000] "GET /?page=1 HTTP/1.1" 304 - "http://localhost:3000/?page=2" "Mozilla/5.0 (Windows NT 10.0; Win64; x64) AppleWebKit/537.36 (KHTML, like Gecko) Chrome/97.0.4692.71 Safari/537.36"
::1 - - [21/Jan/2022:20:56:06 +0000] "GET /css/main.css HTTP/1.1" 304 - "http://localhost:3000/?page=1" "Mozilla/5.0 (Windows NT 10.0; Win64; x64) AppleWebKit/537.36 (KHTML, like Gecko) Chrome/97.0.4692.71 Safari/537.36"
::1 - - [21/Jan/2022:20:56:06 +0000] "GET /css/product.css HTTP/1.1" 304 - "http://localhost:3000/?page=1" "Mozilla/5.0 (Windows NT 10.0; Win64; x64) AppleWebKit/537.36 (KHTML, like Gecko) Chrome/97.0.4692.71 Safari/537.36"
::1 - - [21/Jan/2022:20:56:06 +0000] "GET /js/main.js HTTP/1.1" 304 - "http://localhost:3000/?page=1" "Mozilla/5.0 (Windows NT 10.0; Win64; x64) AppleWebKit/537.36 (KHTML, like Gecko) Chrome/97.0.4692.71 Safari/537.36"
::1 - - [21/Jan/2022:20:56:07 +0000] "GET /https://cdn3.iconfinder.com/data/icons/3d-social-media-pack/128/Whatsapp.png HTTP/1.1" 404 - "http://localhost:3000/?page=1" "Mozilla/5.0 (Windows NT 10.0; Win64; x64) AppleWebKit/537.36 (KHTML, like Gecko) Chrome/97.0.4692.71 Safari/537.36"
::1 - - [21/Jan/2022:20:56:07 +0000] "GET /https://cdn3.iconfinder.com/data/icons/3d-social-media-pack/128/Facebook.png HTTP/1.1" 404 - "http://localhost:3000/?page=1" "Mozilla/5.0 (Windows NT 10.0; Win64; x64) AppleWebKit/537.36 (KHTML, like Gecko) Chrome/97.0.4692.71 Safari/537.36"
::1 - - [21/Jan/2022:21:33:45 +0000] "GET /api/info HTTP/1.1" 500 - "-" "Mozilla/5.0 (Windows NT 10.0; Win64; x64) AppleWebKit/537.36 (KHTML, like Gecko) Chrome/97.0.4692.71 Safari/537.36"
::1 - - [21/Jan/2022:21:33:45 +0000] "GET /css/main.css HTTP/1.1" 200 - "http://localhost:8080/api/info" "Mozilla/5.0 (Windows NT 10.0; Win64; x64) AppleWebKit/537.36 (KHTML, like Gecko) Chrome/97.0.4692.71 Safari/537.36"
::1 - - [21/Jan/2022:21:33:45 +0000] "GET /js/main.js HTTP/1.1" 200 519 "http://localhost:8080/api/info" "Mozilla/5.0 (Windows NT 10.0; Win64; x64) AppleWebKit/537.36 (KHTML, like Gecko) Chrome/97.0.4692.71 Safari/537.36"
::1 - - [21/Jan/2022:21:33:45 +0000] "GET /favicon.ico HTTP/1.1" 404 - "http://localhost:8080/api/info" "Mozilla/5.0 (Windows NT 10.0; Win64; x64) AppleWebKit/537.36 (KHTML, like Gecko) Chrome/97.0.4692.71 Safari/537.36"
::1 - - [21/Jan/2022:21:33:48 +0000] "GET /api/info HTTP/1.1" 500 - "-" "Mozilla/5.0 (Windows NT 10.0; Win64; x64) AppleWebKit/537.36 (KHTML, like Gecko) Chrome/97.0.4692.71 Safari/537.36"
::1 - - [21/Jan/2022:21:33:48 +0000] "GET /css/main.css HTTP/1.1" 304 - "http://localhost:8080/api/info" "Mozilla/5.0 (Windows NT 10.0; Win64; x64) AppleWebKit/537.36 (KHTML, like Gecko) Chrome/97.0.4692.71 Safari/537.36"
::1 - - [21/Jan/2022:21:33:48 +0000] "GET /js/main.js HTTP/1.1" 304 - "http://localhost:8080/api/info" "Mozilla/5.0 (Windows NT 10.0; Win64; x64) AppleWebKit/537.36 (KHTML, like Gecko) Chrome/97.0.4692.71 Safari/537.36"
::1 - - [21/Jan/2022:21:35:06 +0000] "GET /api/info HTTP/1.1" 500 - "-" "Mozilla/5.0 (Windows NT 10.0; Win64; x64) AppleWebKit/537.36 (KHTML, like Gecko) Chrome/97.0.4692.71 Safari/537.36"
::1 - - [21/Jan/2022:21:35:07 +0000] "GET /css/main.css HTTP/1.1" 304 - "http://localhost:8080/api/info" "Mozilla/5.0 (Windows NT 10.0; Win64; x64) AppleWebKit/537.36 (KHTML, like Gecko) Chrome/97.0.4692.71 Safari/537.36"
::1 - - [21/Jan/2022:21:35:07 +0000] "GET /js/main.js HTTP/1.1" 304 - "http://localhost:8080/api/info" "Mozilla/5.0 (Windows NT 10.0; Win64; x64) AppleWebKit/537.36 (KHTML, like Gecko) Chrome/97.0.4692.71 Safari/537.36"
::1 - - [21/Jan/2022:21:36:08 +0000] "GET /api/info HTTP/1.1" 500 - "-" "Mozilla/5.0 (Windows NT 10.0; Win64; x64) AppleWebKit/537.36 (KHTML, like Gecko) Chrome/97.0.4692.71 Safari/537.36"
::1 - - [21/Jan/2022:21:36:08 +0000] "GET /css/main.css HTTP/1.1" 304 - "http://localhost:8080/api/info" "Mozilla/5.0 (Windows NT 10.0; Win64; x64) AppleWebKit/537.36 (KHTML, like Gecko) Chrome/97.0.4692.71 Safari/537.36"
::1 - - [21/Jan/2022:21:36:08 +0000] "GET /js/main.js HTTP/1.1" 304 - "http://localhost:8080/api/info" "Mozilla/5.0 (Windows NT 10.0; Win64; x64) AppleWebKit/537.36 (KHTML, like Gecko) Chrome/97.0.4692.71 Safari/537.36"
::1 - - [21/Jan/2022:21:36:09 +0000] "GET /api/info HTTP/1.1" 500 - "-" "Mozilla/5.0 (Windows NT 10.0; Win64; x64) AppleWebKit/537.36 (KHTML, like Gecko) Chrome/97.0.4692.71 Safari/537.36"
::1 - - [21/Jan/2022:21:36:09 +0000] "GET /css/main.css HTTP/1.1" 304 - "http://localhost:8080/api/info" "Mozilla/5.0 (Windows NT 10.0; Win64; x64) AppleWebKit/537.36 (KHTML, like Gecko) Chrome/97.0.4692.71 Safari/537.36"
::1 - - [21/Jan/2022:21:36:09 +0000] "GET /js/main.js HTTP/1.1" 304 - "http://localhost:8080/api/info" "Mozilla/5.0 (Windows NT 10.0; Win64; x64) AppleWebKit/537.36 (KHTML, like Gecko) Chrome/97.0.4692.71 Safari/537.36"
::1 - - [21/Jan/2022:21:36:14 +0000] "GET / HTTP/1.1" 200 - "http://localhost:8080/api/info" "Mozilla/5.0 (Windows NT 10.0; Win64; x64) AppleWebKit/537.36 (KHTML, like Gecko) Chrome/97.0.4692.71 Safari/537.36"
::1 - - [21/Jan/2022:21:36:14 +0000] "GET /css/main.css HTTP/1.1" 304 - "http://localhost:8080/" "Mozilla/5.0 (Windows NT 10.0; Win64; x64) AppleWebKit/537.36 (KHTML, like Gecko) Chrome/97.0.4692.71 Safari/537.36"
::1 - - [21/Jan/2022:21:36:14 +0000] "GET /js/main.js HTTP/1.1" 304 - "http://localhost:8080/" "Mozilla/5.0 (Windows NT 10.0; Win64; x64) AppleWebKit/537.36 (KHTML, like Gecko) Chrome/97.0.4692.71 Safari/537.36"
::1 - - [21/Jan/2022:21:36:14 +0000] "GET /css/product.css HTTP/1.1" 200 379 "http://localhost:8080/" "Mozilla/5.0 (Windows NT 10.0; Win64; x64) AppleWebKit/537.36 (KHTML, like Gecko) Chrome/97.0.4692.71 Safari/537.36"
::1 - - [21/Jan/2022:21:36:15 +0000] "GET /https://cdn3.iconfinder.com/data/icons/3d-social-media-pack/128/Whatsapp.png HTTP/1.1" 404 - "http://localhost:8080/" "Mozilla/5.0 (Windows NT 10.0; Win64; x64) AppleWebKit/537.36 (KHTML, like Gecko) Chrome/97.0.4692.71 Safari/537.36"
::1 - - [21/Jan/2022:21:36:15 +0000] "GET /https://cdn3.iconfinder.com/data/icons/3d-social-media-pack/128/Facebook.png HTTP/1.1" 404 - "http://localhost:8080/" "Mozilla/5.0 (Windows NT 10.0; Win64; x64) AppleWebKit/537.36 (KHTML, like Gecko) Chrome/97.0.4692.71 Safari/537.36"
::1 - - [21/Jan/2022:21:36:20 +0000] "GET /api/info HTTP/1.1" 500 - "-" "Mozilla/5.0 (Windows NT 10.0; Win64; x64) AppleWebKit/537.36 (KHTML, like Gecko) Chrome/97.0.4692.71 Safari/537.36"
::1 - - [21/Jan/2022:21:36:20 +0000] "GET /css/main.css HTTP/1.1" 304 - "http://localhost:8080/api/info" "Mozilla/5.0 (Windows NT 10.0; Win64; x64) AppleWebKit/537.36 (KHTML, like Gecko) Chrome/97.0.4692.71 Safari/537.36"
::1 - - [21/Jan/2022:21:36:20 +0000] "GET /js/main.js HTTP/1.1" 304 - "http://localhost:8080/api/info" "Mozilla/5.0 (Windows NT 10.0; Win64; x64) AppleWebKit/537.36 (KHTML, like Gecko) Chrome/97.0.4692.71 Safari/537.36"
::1 - - [21/Jan/2022:21:37:40 +0000] "GET /api/info HTTP/1.1" 500 - "-" "Mozilla/5.0 (Windows NT 10.0; Win64; x64) AppleWebKit/537.36 (KHTML, like Gecko) Chrome/97.0.4692.71 Safari/537.36"
::1 - - [21/Jan/2022:21:37:40 +0000] "GET /css/main.css HTTP/1.1" 304 - "http://localhost:8080/api/info" "Mozilla/5.0 (Windows NT 10.0; Win64; x64) AppleWebKit/537.36 (KHTML, like Gecko) Chrome/97.0.4692.71 Safari/537.36"
::1 - - [21/Jan/2022:21:37:40 +0000] "GET /js/main.js HTTP/1.1" 304 - "http://localhost:8080/api/info" "Mozilla/5.0 (Windows NT 10.0; Win64; x64) AppleWebKit/537.36 (KHTML, like Gecko) Chrome/97.0.4692.71 Safari/537.36"
::1 - - [21/Jan/2022:21:37:43 +0000] "GET / HTTP/1.1" 304 - "http://localhost:8080/api/info" "Mozilla/5.0 (Windows NT 10.0; Win64; x64) AppleWebKit/537.36 (KHTML, like Gecko) Chrome/97.0.4692.71 Safari/537.36"
::1 - - [21/Jan/2022:21:37:43 +0000] "GET /css/main.css HTTP/1.1" 304 - "http://localhost:8080/" "Mozilla/5.0 (Windows NT 10.0; Win64; x64) AppleWebKit/537.36 (KHTML, like Gecko) Chrome/97.0.4692.71 Safari/537.36"
::1 - - [21/Jan/2022:21:37:43 +0000] "GET /css/product.css HTTP/1.1" 304 - "http://localhost:8080/" "Mozilla/5.0 (Windows NT 10.0; Win64; x64) AppleWebKit/537.36 (KHTML, like Gecko) Chrome/97.0.4692.71 Safari/537.36"
::1 - - [21/Jan/2022:21:37:43 +0000] "GET /js/main.js HTTP/1.1" 304 - "http://localhost:8080/" "Mozilla/5.0 (Windows NT 10.0; Win64; x64) AppleWebKit/537.36 (KHTML, like Gecko) Chrome/97.0.4692.71 Safari/537.36"
::1 - - [21/Jan/2022:21:37:44 +0000] "GET /https://cdn3.iconfinder.com/data/icons/3d-social-media-pack/128/Whatsapp.png HTTP/1.1" 404 - "http://localhost:8080/" "Mozilla/5.0 (Windows NT 10.0; Win64; x64) AppleWebKit/537.36 (KHTML, like Gecko) Chrome/97.0.4692.71 Safari/537.36"
::1 - - [21/Jan/2022:21:37:44 +0000] "GET /https://cdn3.iconfinder.com/data/icons/3d-social-media-pack/128/Facebook.png HTTP/1.1" 404 - "http://localhost:8080/" "Mozilla/5.0 (Windows NT 10.0; Win64; x64) AppleWebKit/537.36 (KHTML, like Gecko) Chrome/97.0.4692.71 Safari/537.36"
::1 - - [21/Jan/2022:21:37:46 +0000] "GET /login HTTP/1.1" 200 - "http://localhost:8080/" "Mozilla/5.0 (Windows NT 10.0; Win64; x64) AppleWebKit/537.36 (KHTML, like Gecko) Chrome/97.0.4692.71 Safari/537.36"
::1 - - [21/Jan/2022:21:37:46 +0000] "GET /css/main.css HTTP/1.1" 304 - "http://localhost:8080/login" "Mozilla/5.0 (Windows NT 10.0; Win64; x64) AppleWebKit/537.36 (KHTML, like Gecko) Chrome/97.0.4692.71 Safari/537.36"
::1 - - [21/Jan/2022:21:37:46 +0000] "GET /js/main.js HTTP/1.1" 304 - "http://localhost:8080/login" "Mozilla/5.0 (Windows NT 10.0; Win64; x64) AppleWebKit/537.36 (KHTML, like Gecko) Chrome/97.0.4692.71 Safari/537.36"
::1 - - [21/Jan/2022:21:37:46 +0000] "GET /css/forms.css HTTP/1.1" 200 454 "http://localhost:8080/login" "Mozilla/5.0 (Windows NT 10.0; Win64; x64) AppleWebKit/537.36 (KHTML, like Gecko) Chrome/97.0.4692.71 Safari/537.36"
::1 - - [21/Jan/2022:21:37:46 +0000] "GET /css/auth.css HTTP/1.1" 200 84 "http://localhost:8080/login" "Mozilla/5.0 (Windows NT 10.0; Win64; x64) AppleWebKit/537.36 (KHTML, like Gecko) Chrome/97.0.4692.71 Safari/537.36"
::1 - - [21/Jan/2022:21:37:46 +0000] "GET /signup HTTP/1.1" 200 - "http://localhost:8080/login" "Mozilla/5.0 (Windows NT 10.0; Win64; x64) AppleWebKit/537.36 (KHTML, like Gecko) Chrome/97.0.4692.71 Safari/537.36"
::1 - - [21/Jan/2022:21:37:46 +0000] "GET /css/main.css HTTP/1.1" 304 - "http://localhost:8080/signup" "Mozilla/5.0 (Windows NT 10.0; Win64; x64) AppleWebKit/537.36 (KHTML, like Gecko) Chrome/97.0.4692.71 Safari/537.36"
::1 - - [21/Jan/2022:21:37:46 +0000] "GET /css/forms.css HTTP/1.1" 304 - "http://localhost:8080/signup" "Mozilla/5.0 (Windows NT 10.0; Win64; x64) AppleWebKit/537.36 (KHTML, like Gecko) Chrome/97.0.4692.71 Safari/537.36"
::1 - - [21/Jan/2022:21:37:46 +0000] "GET /css/auth.css HTTP/1.1" 304 - "http://localhost:8080/signup" "Mozilla/5.0 (Windows NT 10.0; Win64; x64) AppleWebKit/537.36 (KHTML, like Gecko) Chrome/97.0.4692.71 Safari/537.36"
::1 - - [21/Jan/2022:21:37:46 +0000] "GET /js/main.js HTTP/1.1" 304 - "http://localhost:8080/signup" "Mozilla/5.0 (Windows NT 10.0; Win64; x64) AppleWebKit/537.36 (KHTML, like Gecko) Chrome/97.0.4692.71 Safari/537.36"
::1 - - [21/Jan/2022:21:37:47 +0000] "GET /login HTTP/1.1" 200 - "http://localhost:8080/signup" "Mozilla/5.0 (Windows NT 10.0; Win64; x64) AppleWebKit/537.36 (KHTML, like Gecko) Chrome/97.0.4692.71 Safari/537.36"
::1 - - [21/Jan/2022:21:37:47 +0000] "GET /css/main.css HTTP/1.1" 304 - "http://localhost:8080/login" "Mozilla/5.0 (Windows NT 10.0; Win64; x64) AppleWebKit/537.36 (KHTML, like Gecko) Chrome/97.0.4692.71 Safari/537.36"
::1 - - [21/Jan/2022:21:37:47 +0000] "GET /css/forms.css HTTP/1.1" 304 - "http://localhost:8080/login" "Mozilla/5.0 (Windows NT 10.0; Win64; x64) AppleWebKit/537.36 (KHTML, like Gecko) Chrome/97.0.4692.71 Safari/537.36"
::1 - - [21/Jan/2022:21:37:47 +0000] "GET /css/auth.css HTTP/1.1" 304 - "http://localhost:8080/login" "Mozilla/5.0 (Windows NT 10.0; Win64; x64) AppleWebKit/537.36 (KHTML, like Gecko) Chrome/97.0.4692.71 Safari/537.36"
::1 - - [21/Jan/2022:21:37:47 +0000] "GET /js/main.js HTTP/1.1" 304 - "http://localhost:8080/login" "Mozilla/5.0 (Windows NT 10.0; Win64; x64) AppleWebKit/537.36 (KHTML, like Gecko) Chrome/97.0.4692.71 Safari/537.36"
::1 - - [21/Jan/2022:21:37:50 +0000] "GET /signup HTTP/1.1" 200 - "http://localhost:8080/login" "Mozilla/5.0 (Windows NT 10.0; Win64; x64) AppleWebKit/537.36 (KHTML, like Gecko) Chrome/97.0.4692.71 Safari/537.36"
::1 - - [21/Jan/2022:21:37:50 +0000] "GET /css/main.css HTTP/1.1" 304 - "http://localhost:8080/signup" "Mozilla/5.0 (Windows NT 10.0; Win64; x64) AppleWebKit/537.36 (KHTML, like Gecko) Chrome/97.0.4692.71 Safari/537.36"
::1 - - [21/Jan/2022:21:37:50 +0000] "GET /css/forms.css HTTP/1.1" 304 - "http://localhost:8080/signup" "Mozilla/5.0 (Windows NT 10.0; Win64; x64) AppleWebKit/537.36 (KHTML, like Gecko) Chrome/97.0.4692.71 Safari/537.36"
::1 - - [21/Jan/2022:21:37:50 +0000] "GET /css/auth.css HTTP/1.1" 304 - "http://localhost:8080/signup" "Mozilla/5.0 (Windows NT 10.0; Win64; x64) AppleWebKit/537.36 (KHTML, like Gecko) Chrome/97.0.4692.71 Safari/537.36"
::1 - - [21/Jan/2022:21:37:50 +0000] "GET /js/main.js HTTP/1.1" 304 - "http://localhost:8080/signup" "Mozilla/5.0 (Windows NT 10.0; Win64; x64) AppleWebKit/537.36 (KHTML, like Gecko) Chrome/97.0.4692.71 Safari/537.36"
::1 - - [21/Jan/2022:21:37:52 +0000] "GET / HTTP/1.1" - - "http://localhost:8080/signup" "Mozilla/5.0 (Windows NT 10.0; Win64; x64) AppleWebKit/537.36 (KHTML, like Gecko) Chrome/97.0.4692.71 Safari/537.36"
::1 - - [21/Jan/2022:21:37:53 +0000] "GET /products HTTP/1.1" - - "http://localhost:8080/signup" "Mozilla/5.0 (Windows NT 10.0; Win64; x64) AppleWebKit/537.36 (KHTML, like Gecko) Chrome/97.0.4692.71 Safari/537.36"
::1 - - [21/Jan/2022:21:37:54 +0000] "GET /products HTTP/1.1" 200 - "http://localhost:8080/signup" "Mozilla/5.0 (Windows NT 10.0; Win64; x64) AppleWebKit/537.36 (KHTML, like Gecko) Chrome/97.0.4692.71 Safari/537.36"
::1 - - [21/Jan/2022:21:37:54 +0000] "GET /css/main.css HTTP/1.1" 304 - "http://localhost:8080/products" "Mozilla/5.0 (Windows NT 10.0; Win64; x64) AppleWebKit/537.36 (KHTML, like Gecko) Chrome/97.0.4692.71 Safari/537.36"
::1 - - [21/Jan/2022:21:37:54 +0000] "GET /css/product.css HTTP/1.1" 304 - "http://localhost:8080/products" "Mozilla/5.0 (Windows NT 10.0; Win64; x64) AppleWebKit/537.36 (KHTML, like Gecko) Chrome/97.0.4692.71 Safari/537.36"
::1 - - [21/Jan/2022:21:37:54 +0000] "GET /js/main.js HTTP/1.1" 304 - "http://localhost:8080/products" "Mozilla/5.0 (Windows NT 10.0; Win64; x64) AppleWebKit/537.36 (KHTML, like Gecko) Chrome/97.0.4692.71 Safari/537.36"
::1 - - [21/Jan/2022:21:37:54 +0000] "GET /https://cdn3.iconfinder.com/data/icons/3d-social-media-pack/128/Facebook.png HTTP/1.1" 404 - "http://localhost:8080/products" "Mozilla/5.0 (Windows NT 10.0; Win64; x64) AppleWebKit/537.36 (KHTML, like Gecko) Chrome/97.0.4692.71 Safari/537.36"
::1 - - [21/Jan/2022:21:37:54 +0000] "GET /https://cdn3.iconfinder.com/data/icons/3d-social-media-pack/128/Whatsapp.png HTTP/1.1" 404 - "http://localhost:8080/products" "Mozilla/5.0 (Windows NT 10.0; Win64; x64) AppleWebKit/537.36 (KHTML, like Gecko) Chrome/97.0.4692.71 Safari/537.36"
::1 - - [21/Jan/2022:21:37:55 +0000] "GET / HTTP/1.1" 200 - "http://localhost:8080/products" "Mozilla/5.0 (Windows NT 10.0; Win64; x64) AppleWebKit/537.36 (KHTML, like Gecko) Chrome/97.0.4692.71 Safari/537.36"
::1 - - [21/Jan/2022:21:37:55 +0000] "GET /css/main.css HTTP/1.1" 304 - "http://localhost:8080/" "Mozilla/5.0 (Windows NT 10.0; Win64; x64) AppleWebKit/537.36 (KHTML, like Gecko) Chrome/97.0.4692.71 Safari/537.36"
::1 - - [21/Jan/2022:21:37:55 +0000] "GET /css/product.css HTTP/1.1" 304 - "http://localhost:8080/" "Mozilla/5.0 (Windows NT 10.0; Win64; x64) AppleWebKit/537.36 (KHTML, like Gecko) Chrome/97.0.4692.71 Safari/537.36"
::1 - - [21/Jan/2022:21:37:55 +0000] "GET /js/main.js HTTP/1.1" 304 - "http://localhost:8080/" "Mozilla/5.0 (Windows NT 10.0; Win64; x64) AppleWebKit/537.36 (KHTML, like Gecko) Chrome/97.0.4692.71 Safari/537.36"
::1 - - [21/Jan/2022:21:37:55 +0000] "GET /https://cdn3.iconfinder.com/data/icons/3d-social-media-pack/128/Whatsapp.png HTTP/1.1" 404 - "http://localhost:8080/" "Mozilla/5.0 (Windows NT 10.0; Win64; x64) AppleWebKit/537.36 (KHTML, like Gecko) Chrome/97.0.4692.71 Safari/537.36"
::1 - - [21/Jan/2022:21:37:55 +0000] "GET /https://cdn3.iconfinder.com/data/icons/3d-social-media-pack/128/Facebook.png HTTP/1.1" 404 - "http://localhost:8080/" "Mozilla/5.0 (Windows NT 10.0; Win64; x64) AppleWebKit/537.36 (KHTML, like Gecko) Chrome/97.0.4692.71 Safari/537.36"
::1 - - [21/Jan/2022:21:39:36 +0000] "GET /api/info HTTP/1.1" 500 - "-" "Mozilla/5.0 (Windows NT 10.0; Win64; x64) AppleWebKit/537.36 (KHTML, like Gecko) Chrome/97.0.4692.71 Safari/537.36"
::1 - - [21/Jan/2022:21:39:36 +0000] "GET /css/main.css HTTP/1.1" 304 - "http://localhost:8080/api/info" "Mozilla/5.0 (Windows NT 10.0; Win64; x64) AppleWebKit/537.36 (KHTML, like Gecko) Chrome/97.0.4692.71 Safari/537.36"
::1 - - [21/Jan/2022:21:39:36 +0000] "GET /js/main.js HTTP/1.1" 304 - "http://localhost:8080/api/info" "Mozilla/5.0 (Windows NT 10.0; Win64; x64) AppleWebKit/537.36 (KHTML, like Gecko) Chrome/97.0.4692.71 Safari/537.36"
::1 - - [21/Jan/2022:21:42:08 +0000] "GET /api/info HTTP/1.1" 500 - "-" "Mozilla/5.0 (Windows NT 10.0; Win64; x64) AppleWebKit/537.36 (KHTML, like Gecko) Chrome/97.0.4692.71 Safari/537.36"
::1 - - [21/Jan/2022:21:42:08 +0000] "GET /css/main.css HTTP/1.1" 304 - "http://localhost:8080/api/info" "Mozilla/5.0 (Windows NT 10.0; Win64; x64) AppleWebKit/537.36 (KHTML, like Gecko) Chrome/97.0.4692.71 Safari/537.36"
::1 - - [21/Jan/2022:21:42:08 +0000] "GET /js/main.js HTTP/1.1" 304 - "http://localhost:8080/api/info" "Mozilla/5.0 (Windows NT 10.0; Win64; x64) AppleWebKit/537.36 (KHTML, like Gecko) Chrome/97.0.4692.71 Safari/537.36"
::1 - - [21/Jan/2022:21:42:10 +0000] "GET /api/info HTTP/1.1" 500 - "-" "Mozilla/5.0 (Windows NT 10.0; Win64; x64) AppleWebKit/537.36 (KHTML, like Gecko) Chrome/97.0.4692.71 Safari/537.36"
::1 - - [21/Jan/2022:21:42:10 +0000] "GET /css/main.css HTTP/1.1" 304 - "http://localhost:8080/api/info" "Mozilla/5.0 (Windows NT 10.0; Win64; x64) AppleWebKit/537.36 (KHTML, like Gecko) Chrome/97.0.4692.71 Safari/537.36"
::1 - - [21/Jan/2022:21:42:10 +0000] "GET /js/main.js HTTP/1.1" 304 - "http://localhost:8080/api/info" "Mozilla/5.0 (Windows NT 10.0; Win64; x64) AppleWebKit/537.36 (KHTML, like Gecko) Chrome/97.0.4692.71 Safari/537.36"
::1 - - [21/Jan/2022:21:42:27 +0000] "GET /info HTTP/1.1" 404 - "-" "Mozilla/5.0 (Windows NT 10.0; Win64; x64) AppleWebKit/537.36 (KHTML, like Gecko) Chrome/97.0.4692.71 Safari/537.36"
::1 - - [21/Jan/2022:21:42:27 +0000] "GET /css/main.css HTTP/1.1" 304 - "http://localhost:8080/info" "Mozilla/5.0 (Windows NT 10.0; Win64; x64) AppleWebKit/537.36 (KHTML, like Gecko) Chrome/97.0.4692.71 Safari/537.36"
::1 - - [21/Jan/2022:21:42:27 +0000] "GET /js/main.js HTTP/1.1" 304 - "http://localhost:8080/info" "Mozilla/5.0 (Windows NT 10.0; Win64; x64) AppleWebKit/537.36 (KHTML, like Gecko) Chrome/97.0.4692.71 Safari/537.36"
::1 - - [21/Jan/2022:21:43:13 +0000] "GET /info HTTP/1.1" 500 - "-" "Mozilla/5.0 (Windows NT 10.0; Win64; x64) AppleWebKit/537.36 (KHTML, like Gecko) Chrome/97.0.4692.71 Safari/537.36"
::1 - - [21/Jan/2022:21:43:13 +0000] "GET /css/main.css HTTP/1.1" 304 - "http://localhost:8080/info" "Mozilla/5.0 (Windows NT 10.0; Win64; x64) AppleWebKit/537.36 (KHTML, like Gecko) Chrome/97.0.4692.71 Safari/537.36"
::1 - - [21/Jan/2022:21:43:13 +0000] "GET /js/main.js HTTP/1.1" 304 - "http://localhost:8080/info" "Mozilla/5.0 (Windows NT 10.0; Win64; x64) AppleWebKit/537.36 (KHTML, like Gecko) Chrome/97.0.4692.71 Safari/537.36"
::1 - - [21/Jan/2022:21:43:14 +0000] "GET /info HTTP/1.1" 500 - "-" "Mozilla/5.0 (Windows NT 10.0; Win64; x64) AppleWebKit/537.36 (KHTML, like Gecko) Chrome/97.0.4692.71 Safari/537.36"
::1 - - [21/Jan/2022:21:43:14 +0000] "GET /css/main.css HTTP/1.1" 304 - "http://localhost:8080/info" "Mozilla/5.0 (Windows NT 10.0; Win64; x64) AppleWebKit/537.36 (KHTML, like Gecko) Chrome/97.0.4692.71 Safari/537.36"
::1 - - [21/Jan/2022:21:43:14 +0000] "GET /js/main.js HTTP/1.1" 304 - "http://localhost:8080/info" "Mozilla/5.0 (Windows NT 10.0; Win64; x64) AppleWebKit/537.36 (KHTML, like Gecko) Chrome/97.0.4692.71 Safari/537.36"
::1 - - [21/Jan/2022:21:43:15 +0000] "GET /info HTTP/1.1" 500 - "-" "Mozilla/5.0 (Windows NT 10.0; Win64; x64) AppleWebKit/537.36 (KHTML, like Gecko) Chrome/97.0.4692.71 Safari/537.36"
::1 - - [21/Jan/2022:21:43:15 +0000] "GET /css/main.css HTTP/1.1" 304 - "http://localhost:8080/info" "Mozilla/5.0 (Windows NT 10.0; Win64; x64) AppleWebKit/537.36 (KHTML, like Gecko) Chrome/97.0.4692.71 Safari/537.36"
::1 - - [21/Jan/2022:21:43:15 +0000] "GET /js/main.js HTTP/1.1" 304 - "http://localhost:8080/info" "Mozilla/5.0 (Windows NT 10.0; Win64; x64) AppleWebKit/537.36 (KHTML, like Gecko) Chrome/97.0.4692.71 Safari/537.36"
::1 - - [21/Jan/2022:21:43:44 +0000] "GET /api/info HTTP/1.1" 500 - "-" "Mozilla/5.0 (Windows NT 10.0; Win64; x64) AppleWebKit/537.36 (KHTML, like Gecko) Chrome/97.0.4692.71 Safari/537.36"
::1 - - [21/Jan/2022:21:43:44 +0000] "GET /css/main.css HTTP/1.1" 304 - "http://localhost:8080/api/info" "Mozilla/5.0 (Windows NT 10.0; Win64; x64) AppleWebKit/537.36 (KHTML, like Gecko) Chrome/97.0.4692.71 Safari/537.36"
::1 - - [21/Jan/2022:21:43:44 +0000] "GET /js/main.js HTTP/1.1" 304 - "http://localhost:8080/api/info" "Mozilla/5.0 (Windows NT 10.0; Win64; x64) AppleWebKit/537.36 (KHTML, like Gecko) Chrome/97.0.4692.71 Safari/537.36"
::1 - - [21/Jan/2022:21:43:44 +0000] "GET /js/main.js HTTP/1.1" 304 - "http://localhost:8080/api/info" "Mozilla/5.0 (Windows NT 10.0; Win64; x64) AppleWebKit/537.36 (KHTML, like Gecko) Chrome/97.0.4692.71 Safari/537.36"
::1 - - [21/Jan/2022:21:43:46 +0000] "GET /api/info HTTP/1.1" 500 - "-" "Mozilla/5.0 (Windows NT 10.0; Win64; x64) AppleWebKit/537.36 (KHTML, like Gecko) Chrome/97.0.4692.71 Safari/537.36"
::1 - - [21/Jan/2022:21:43:46 +0000] "GET /css/main.css HTTP/1.1" 304 - "http://localhost:8080/api/info" "Mozilla/5.0 (Windows NT 10.0; Win64; x64) AppleWebKit/537.36 (KHTML, like Gecko) Chrome/97.0.4692.71 Safari/537.36"
::1 - - [21/Jan/2022:21:43:46 +0000] "GET /js/main.js HTTP/1.1" 304 - "http://localhost:8080/api/info" "Mozilla/5.0 (Windows NT 10.0; Win64; x64) AppleWebKit/537.36 (KHTML, like Gecko) Chrome/97.0.4692.71 Safari/537.36"
::1 - - [21/Jan/2022:21:43:58 +0000] "GET /api/info HTTP/1.1" 500 - "-" "Mozilla/5.0 (Windows NT 10.0; Win64; x64) AppleWebKit/537.36 (KHTML, like Gecko) Chrome/97.0.4692.71 Safari/537.36"
::1 - - [21/Jan/2022:21:43:58 +0000] "GET /css/main.css HTTP/1.1" 304 - "http://localhost:8080/api/info" "Mozilla/5.0 (Windows NT 10.0; Win64; x64) AppleWebKit/537.36 (KHTML, like Gecko) Chrome/97.0.4692.71 Safari/537.36"
::1 - - [21/Jan/2022:21:43:58 +0000] "GET /js/main.js HTTP/1.1" 304 - "http://localhost:8080/api/info" "Mozilla/5.0 (Windows NT 10.0; Win64; x64) AppleWebKit/537.36 (KHTML, like Gecko) Chrome/97.0.4692.71 Safari/537.36"
::1 - - [21/Jan/2022:21:47:39 +0000] "GET /signup HTTP/1.1" 200 - "http://localhost:8080/api/info" "Mozilla/5.0 (Windows NT 10.0; Win64; x64) AppleWebKit/537.36 (KHTML, like Gecko) Chrome/97.0.4692.71 Safari/537.36"
::1 - - [21/Jan/2022:21:47:39 +0000] "GET /css/main.css HTTP/1.1" 304 - "http://localhost:8080/signup" "Mozilla/5.0 (Windows NT 10.0; Win64; x64) AppleWebKit/537.36 (KHTML, like Gecko) Chrome/97.0.4692.71 Safari/537.36"
::1 - - [21/Jan/2022:21:47:39 +0000] "GET /css/forms.css HTTP/1.1" 304 - "http://localhost:8080/signup" "Mozilla/5.0 (Windows NT 10.0; Win64; x64) AppleWebKit/537.36 (KHTML, like Gecko) Chrome/97.0.4692.71 Safari/537.36"
::1 - - [21/Jan/2022:21:47:39 +0000] "GET /css/auth.css HTTP/1.1" 304 - "http://localhost:8080/signup" "Mozilla/5.0 (Windows NT 10.0; Win64; x64) AppleWebKit/537.36 (KHTML, like Gecko) Chrome/97.0.4692.71 Safari/537.36"
::1 - - [21/Jan/2022:21:47:39 +0000] "GET /js/main.js HTTP/1.1" 304 - "http://localhost:8080/signup" "Mozilla/5.0 (Windows NT 10.0; Win64; x64) AppleWebKit/537.36 (KHTML, like Gecko) Chrome/97.0.4692.71 Safari/537.36"
::1 - - [21/Jan/2022:21:47:55 +0000] "POST /signup HTTP/1.1" 302 56 "http://localhost:8080/signup" "Mozilla/5.0 (Windows NT 10.0; Win64; x64) AppleWebKit/537.36 (KHTML, like Gecko) Chrome/97.0.4692.71 Safari/537.36"
::1 - - [21/Jan/2022:21:47:56 +0000] "GET /login HTTP/1.1" 200 - "http://localhost:8080/signup" "Mozilla/5.0 (Windows NT 10.0; Win64; x64) AppleWebKit/537.36 (KHTML, like Gecko) Chrome/97.0.4692.71 Safari/537.36"
::1 - - [21/Jan/2022:21:47:56 +0000] "GET /css/main.css HTTP/1.1" 304 - "http://localhost:8080/login" "Mozilla/5.0 (Windows NT 10.0; Win64; x64) AppleWebKit/537.36 (KHTML, like Gecko) Chrome/97.0.4692.71 Safari/537.36"
::1 - - [21/Jan/2022:21:47:56 +0000] "GET /css/forms.css HTTP/1.1" 304 - "http://localhost:8080/login" "Mozilla/5.0 (Windows NT 10.0; Win64; x64) AppleWebKit/537.36 (KHTML, like Gecko) Chrome/97.0.4692.71 Safari/537.36"
::1 - - [21/Jan/2022:21:47:56 +0000] "GET /css/auth.css HTTP/1.1" 304 - "http://localhost:8080/login" "Mozilla/5.0 (Windows NT 10.0; Win64; x64) AppleWebKit/537.36 (KHTML, like Gecko) Chrome/97.0.4692.71 Safari/537.36"
::1 - - [21/Jan/2022:21:47:56 +0000] "GET /js/main.js HTTP/1.1" 304 - "http://localhost:8080/login" "Mozilla/5.0 (Windows NT 10.0; Win64; x64) AppleWebKit/537.36 (KHTML, like Gecko) Chrome/97.0.4692.71 Safari/537.36"
::1 - - [21/Jan/2022:21:48:07 +0000] "POST /login HTTP/1.1" 302 46 "http://localhost:8080/login" "Mozilla/5.0 (Windows NT 10.0; Win64; x64) AppleWebKit/537.36 (KHTML, like Gecko) Chrome/97.0.4692.71 Safari/537.36"
::1 - - [21/Jan/2022:21:48:08 +0000] "GET / HTTP/1.1" 200 - "http://localhost:8080/login" "Mozilla/5.0 (Windows NT 10.0; Win64; x64) AppleWebKit/537.36 (KHTML, like Gecko) Chrome/97.0.4692.71 Safari/537.36"
::1 - - [21/Jan/2022:21:48:08 +0000] "GET /css/main.css HTTP/1.1" 304 - "http://localhost:8080/" "Mozilla/5.0 (Windows NT 10.0; Win64; x64) AppleWebKit/537.36 (KHTML, like Gecko) Chrome/97.0.4692.71 Safari/537.36"
::1 - - [21/Jan/2022:21:48:08 +0000] "GET /css/product.css HTTP/1.1" 304 - "http://localhost:8080/" "Mozilla/5.0 (Windows NT 10.0; Win64; x64) AppleWebKit/537.36 (KHTML, like Gecko) Chrome/97.0.4692.71 Safari/537.36"
::1 - - [21/Jan/2022:21:48:08 +0000] "GET /js/main.js HTTP/1.1" 304 - "http://localhost:8080/" "Mozilla/5.0 (Windows NT 10.0; Win64; x64) AppleWebKit/537.36 (KHTML, like Gecko) Chrome/97.0.4692.71 Safari/537.36"
::1 - - [21/Jan/2022:21:48:08 +0000] "GET /https://cdn3.iconfinder.com/data/icons/3d-social-media-pack/128/Whatsapp.png HTTP/1.1" 404 - "http://localhost:8080/" "Mozilla/5.0 (Windows NT 10.0; Win64; x64) AppleWebKit/537.36 (KHTML, like Gecko) Chrome/97.0.4692.71 Safari/537.36"
::1 - - [21/Jan/2022:21:48:09 +0000] "GET /https://cdn3.iconfinder.com/data/icons/3d-social-media-pack/128/Facebook.png HTTP/1.1" 404 - "http://localhost:8080/" "Mozilla/5.0 (Windows NT 10.0; Win64; x64) AppleWebKit/537.36 (KHTML, like Gecko) Chrome/97.0.4692.71 Safari/537.36"
::1 - - [21/Jan/2022:21:48:14 +0000] "GET /api/info HTTP/1.1" 500 - "-" "Mozilla/5.0 (Windows NT 10.0; Win64; x64) AppleWebKit/537.36 (KHTML, like Gecko) Chrome/97.0.4692.71 Safari/537.36"
::1 - - [21/Jan/2022:21:48:14 +0000] "GET /css/main.css HTTP/1.1" 304 - "http://localhost:8080/api/info" "Mozilla/5.0 (Windows NT 10.0; Win64; x64) AppleWebKit/537.36 (KHTML, like Gecko) Chrome/97.0.4692.71 Safari/537.36"
::1 - - [21/Jan/2022:21:48:14 +0000] "GET /js/main.js HTTP/1.1" 304 - "http://localhost:8080/api/info" "Mozilla/5.0 (Windows NT 10.0; Win64; x64) AppleWebKit/537.36 (KHTML, like Gecko) Chrome/97.0.4692.71 Safari/537.36"
::1 - - [21/Jan/2022:21:48:21 +0000] "GET / HTTP/1.1" 200 - "http://localhost:8080/api/info" "Mozilla/5.0 (Windows NT 10.0; Win64; x64) AppleWebKit/537.36 (KHTML, like Gecko) Chrome/97.0.4692.71 Safari/537.36"
::1 - - [21/Jan/2022:21:48:21 +0000] "GET /css/main.css HTTP/1.1" 304 - "http://localhost:8080/" "Mozilla/5.0 (Windows NT 10.0; Win64; x64) AppleWebKit/537.36 (KHTML, like Gecko) Chrome/97.0.4692.71 Safari/537.36"
::1 - - [21/Jan/2022:21:48:21 +0000] "GET /css/product.css HTTP/1.1" 304 - "http://localhost:8080/" "Mozilla/5.0 (Windows NT 10.0; Win64; x64) AppleWebKit/537.36 (KHTML, like Gecko) Chrome/97.0.4692.71 Safari/537.36"
::1 - - [21/Jan/2022:21:48:21 +0000] "GET /js/main.js HTTP/1.1" 304 - "http://localhost:8080/" "Mozilla/5.0 (Windows NT 10.0; Win64; x64) AppleWebKit/537.36 (KHTML, like Gecko) Chrome/97.0.4692.71 Safari/537.36"
::1 - - [21/Jan/2022:21:48:21 +0000] "GET /https://cdn3.iconfinder.com/data/icons/3d-social-media-pack/128/Whatsapp.png HTTP/1.1" 404 - "http://localhost:8080/" "Mozilla/5.0 (Windows NT 10.0; Win64; x64) AppleWebKit/537.36 (KHTML, like Gecko) Chrome/97.0.4692.71 Safari/537.36"
::1 - - [21/Jan/2022:21:48:22 +0000] "GET /https://cdn3.iconfinder.com/data/icons/3d-social-media-pack/128/Facebook.png HTTP/1.1" 404 - "http://localhost:8080/" "Mozilla/5.0 (Windows NT 10.0; Win64; x64) AppleWebKit/537.36 (KHTML, like Gecko) Chrome/97.0.4692.71 Safari/537.36"
::1 - - [21/Jan/2022:21:49:34 +0000] "GET / HTTP/1.1" 200 - "http://localhost:8080/api/info" "Mozilla/5.0 (Windows NT 10.0; Win64; x64) AppleWebKit/537.36 (KHTML, like Gecko) Chrome/97.0.4692.71 Safari/537.36"
::1 - - [21/Jan/2022:21:49:34 +0000] "GET /css/main.css HTTP/1.1" 304 - "http://localhost:8080/" "Mozilla/5.0 (Windows NT 10.0; Win64; x64) AppleWebKit/537.36 (KHTML, like Gecko) Chrome/97.0.4692.71 Safari/537.36"
::1 - - [21/Jan/2022:21:49:34 +0000] "GET /css/product.css HTTP/1.1" 304 - "http://localhost:8080/" "Mozilla/5.0 (Windows NT 10.0; Win64; x64) AppleWebKit/537.36 (KHTML, like Gecko) Chrome/97.0.4692.71 Safari/537.36"
::1 - - [21/Jan/2022:21:49:34 +0000] "GET /js/main.js HTTP/1.1" 304 - "http://localhost:8080/" "Mozilla/5.0 (Windows NT 10.0; Win64; x64) AppleWebKit/537.36 (KHTML, like Gecko) Chrome/97.0.4692.71 Safari/537.36"
::1 - - [21/Jan/2022:21:49:35 +0000] "GET /https://cdn3.iconfinder.com/data/icons/3d-social-media-pack/128/Whatsapp.png HTTP/1.1" 404 - "http://localhost:8080/" "Mozilla/5.0 (Windows NT 10.0; Win64; x64) AppleWebKit/537.36 (KHTML, like Gecko) Chrome/97.0.4692.71 Safari/537.36"
::1 - - [21/Jan/2022:21:49:36 +0000] "GET /https://cdn3.iconfinder.com/data/icons/3d-social-media-pack/128/Facebook.png HTTP/1.1" 404 - "http://localhost:8080/" "Mozilla/5.0 (Windows NT 10.0; Win64; x64) AppleWebKit/537.36 (KHTML, like Gecko) Chrome/97.0.4692.71 Safari/537.36"
::1 - - [21/Jan/2022:21:49:38 +0000] "GET /api/info HTTP/1.1" 500 - "-" "Mozilla/5.0 (Windows NT 10.0; Win64; x64) AppleWebKit/537.36 (KHTML, like Gecko) Chrome/97.0.4692.71 Safari/537.36"
::1 - - [21/Jan/2022:21:49:38 +0000] "GET /css/main.css HTTP/1.1" 304 - "http://localhost:8080/api/info" "Mozilla/5.0 (Windows NT 10.0; Win64; x64) AppleWebKit/537.36 (KHTML, like Gecko) Chrome/97.0.4692.71 Safari/537.36"
::1 - - [21/Jan/2022:21:49:38 +0000] "GET /js/main.js HTTP/1.1" 304 - "http://localhost:8080/api/info" "Mozilla/5.0 (Windows NT 10.0; Win64; x64) AppleWebKit/537.36 (KHTML, like Gecko) Chrome/97.0.4692.71 Safari/537.36"
::1 - - [21/Jan/2022:21:49:38 +0000] "GET /css/main.css HTTP/1.1" 304 - "http://localhost:8080/api/info" "Mozilla/5.0 (Windows NT 10.0; Win64; x64) AppleWebKit/537.36 (KHTML, like Gecko) Chrome/97.0.4692.71 Safari/537.36"
::1 - - [21/Jan/2022:21:49:38 +0000] "GET /js/main.js HTTP/1.1" 304 - "http://localhost:8080/api/info" "Mozilla/5.0 (Windows NT 10.0; Win64; x64) AppleWebKit/537.36 (KHTML, like Gecko) Chrome/97.0.4692.71 Safari/537.36"
::1 - - [21/Jan/2022:21:50:49 +0000] "GET /api/info HTTP/1.1" 500 - "-" "Mozilla/5.0 (Windows NT 10.0; Win64; x64) AppleWebKit/537.36 (KHTML, like Gecko) Chrome/97.0.4692.71 Safari/537.36"
::1 - - [21/Jan/2022:21:50:49 +0000] "GET /css/main.css HTTP/1.1" 304 - "http://localhost:8080/api/info" "Mozilla/5.0 (Windows NT 10.0; Win64; x64) AppleWebKit/537.36 (KHTML, like Gecko) Chrome/97.0.4692.71 Safari/537.36"
::1 - - [21/Jan/2022:21:50:49 +0000] "GET /js/main.js HTTP/1.1" 304 - "http://localhost:8080/api/info" "Mozilla/5.0 (Windows NT 10.0; Win64; x64) AppleWebKit/537.36 (KHTML, like Gecko) Chrome/97.0.4692.71 Safari/537.36"
::1 - - [21/Jan/2022:21:54:26 +0000] "GET /api/info HTTP/1.1" 500 - "-" "Mozilla/5.0 (Windows NT 10.0; Win64; x64) AppleWebKit/537.36 (KHTML, like Gecko) Chrome/97.0.4692.71 Safari/537.36"
::1 - - [21/Jan/2022:21:54:26 +0000] "GET /css/main.css HTTP/1.1" 304 - "http://localhost:8080/api/info" "Mozilla/5.0 (Windows NT 10.0; Win64; x64) AppleWebKit/537.36 (KHTML, like Gecko) Chrome/97.0.4692.71 Safari/537.36"
::1 - - [21/Jan/2022:21:54:26 +0000] "GET /js/main.js HTTP/1.1" 304 - "http://localhost:8080/api/info" "Mozilla/5.0 (Windows NT 10.0; Win64; x64) AppleWebKit/537.36 (KHTML, like Gecko) Chrome/97.0.4692.71 Safari/537.36"
::1 - - [21/Jan/2022:21:54:28 +0000] "GET /api/info HTTP/1.1" 500 - "-" "Mozilla/5.0 (Windows NT 10.0; Win64; x64) AppleWebKit/537.36 (KHTML, like Gecko) Chrome/97.0.4692.71 Safari/537.36"
::1 - - [21/Jan/2022:21:54:28 +0000] "GET /css/main.css HTTP/1.1" 304 - "http://localhost:8080/api/info" "Mozilla/5.0 (Windows NT 10.0; Win64; x64) AppleWebKit/537.36 (KHTML, like Gecko) Chrome/97.0.4692.71 Safari/537.36"
::1 - - [21/Jan/2022:21:54:28 +0000] "GET /js/main.js HTTP/1.1" 304 - "http://localhost:8080/api/info" "Mozilla/5.0 (Windows NT 10.0; Win64; x64) AppleWebKit/537.36 (KHTML, like Gecko) Chrome/97.0.4692.71 Safari/537.36"
::1 - - [21/Jan/2022:21:55:36 +0000] "GET /api/info HTTP/1.1" 500 - "-" "Mozilla/5.0 (Windows NT 10.0; Win64; x64) AppleWebKit/537.36 (KHTML, like Gecko) Chrome/97.0.4692.71 Safari/537.36"
::1 - - [21/Jan/2022:21:55:36 +0000] "GET /css/main.css HTTP/1.1" 304 - "http://localhost:8080/api/info" "Mozilla/5.0 (Windows NT 10.0; Win64; x64) AppleWebKit/537.36 (KHTML, like Gecko) Chrome/97.0.4692.71 Safari/537.36"
::1 - - [21/Jan/2022:21:55:36 +0000] "GET /js/main.js HTTP/1.1" 304 - "http://localhost:8080/api/info" "Mozilla/5.0 (Windows NT 10.0; Win64; x64) AppleWebKit/537.36 (KHTML, like Gecko) Chrome/97.0.4692.71 Safari/537.36"
::1 - - [21/Jan/2022:21:56:08 +0000] "GET /api/info HTTP/1.1" 500 - "-" "Mozilla/5.0 (Windows NT 10.0; Win64; x64) AppleWebKit/537.36 (KHTML, like Gecko) Chrome/97.0.4692.71 Safari/537.36"
::1 - - [21/Jan/2022:21:56:08 +0000] "GET /css/main.css HTTP/1.1" 304 - "http://localhost:8080/api/info" "Mozilla/5.0 (Windows NT 10.0; Win64; x64) AppleWebKit/537.36 (KHTML, like Gecko) Chrome/97.0.4692.71 Safari/537.36"
::1 - - [21/Jan/2022:21:56:08 +0000] "GET /js/main.js HTTP/1.1" 304 - "http://localhost:8080/api/info" "Mozilla/5.0 (Windows NT 10.0; Win64; x64) AppleWebKit/537.36 (KHTML, like Gecko) Chrome/97.0.4692.71 Safari/537.36"
::1 - - [21/Jan/2022:21:56:27 +0000] "GET /api/info HTTP/1.1" 500 - "-" "Mozilla/5.0 (Windows NT 10.0; Win64; x64) AppleWebKit/537.36 (KHTML, like Gecko) Chrome/97.0.4692.71 Safari/537.36"
::1 - - [21/Jan/2022:21:56:27 +0000] "GET /css/main.css HTTP/1.1" 304 - "http://localhost:8080/api/info" "Mozilla/5.0 (Windows NT 10.0; Win64; x64) AppleWebKit/537.36 (KHTML, like Gecko) Chrome/97.0.4692.71 Safari/537.36"
::1 - - [21/Jan/2022:21:56:27 +0000] "GET /js/main.js HTTP/1.1" 304 - "http://localhost:8080/api/info" "Mozilla/5.0 (Windows NT 10.0; Win64; x64) AppleWebKit/537.36 (KHTML, like Gecko) Chrome/97.0.4692.71 Safari/537.36"
::1 - - [21/Jan/2022:21:56:28 +0000] "GET /api/info HTTP/1.1" 500 - "-" "Mozilla/5.0 (Windows NT 10.0; Win64; x64) AppleWebKit/537.36 (KHTML, like Gecko) Chrome/97.0.4692.71 Safari/537.36"
::1 - - [21/Jan/2022:21:56:28 +0000] "GET /css/main.css HTTP/1.1" 304 - "http://localhost:8080/api/info" "Mozilla/5.0 (Windows NT 10.0; Win64; x64) AppleWebKit/537.36 (KHTML, like Gecko) Chrome/97.0.4692.71 Safari/537.36"
::1 - - [21/Jan/2022:21:56:28 +0000] "GET /js/main.js HTTP/1.1" 304 - "http://localhost:8080/api/info" "Mozilla/5.0 (Windows NT 10.0; Win64; x64) AppleWebKit/537.36 (KHTML, like Gecko) Chrome/97.0.4692.71 Safari/537.36"
::1 - - [21/Jan/2022:21:58:09 +0000] "GET /api/info HTTP/1.1" 500 - "-" "Mozilla/5.0 (Windows NT 10.0; Win64; x64) AppleWebKit/537.36 (KHTML, like Gecko) Chrome/97.0.4692.71 Safari/537.36"
::1 - - [21/Jan/2022:21:58:09 +0000] "GET /css/main.css HTTP/1.1" 304 - "http://localhost:8080/api/info" "Mozilla/5.0 (Windows NT 10.0; Win64; x64) AppleWebKit/537.36 (KHTML, like Gecko) Chrome/97.0.4692.71 Safari/537.36"
::1 - - [21/Jan/2022:21:58:09 +0000] "GET /js/main.js HTTP/1.1" 304 - "http://localhost:8080/api/info" "Mozilla/5.0 (Windows NT 10.0; Win64; x64) AppleWebKit/537.36 (KHTML, like Gecko) Chrome/97.0.4692.71 Safari/537.36"
::1 - - [21/Jan/2022:21:58:11 +0000] "GET / HTTP/1.1" 200 - "http://localhost:8080/api/info" "Mozilla/5.0 (Windows NT 10.0; Win64; x64) AppleWebKit/537.36 (KHTML, like Gecko) Chrome/97.0.4692.71 Safari/537.36"
::1 - - [21/Jan/2022:21:58:11 +0000] "GET /css/main.css HTTP/1.1" 304 - "http://localhost:8080/" "Mozilla/5.0 (Windows NT 10.0; Win64; x64) AppleWebKit/537.36 (KHTML, like Gecko) Chrome/97.0.4692.71 Safari/537.36"
::1 - - [21/Jan/2022:21:58:11 +0000] "GET /css/product.css HTTP/1.1" 304 - "http://localhost:8080/" "Mozilla/5.0 (Windows NT 10.0; Win64; x64) AppleWebKit/537.36 (KHTML, like Gecko) Chrome/97.0.4692.71 Safari/537.36"
::1 - - [21/Jan/2022:21:58:11 +0000] "GET /js/main.js HTTP/1.1" 304 - "http://localhost:8080/" "Mozilla/5.0 (Windows NT 10.0; Win64; x64) AppleWebKit/537.36 (KHTML, like Gecko) Chrome/97.0.4692.71 Safari/537.36"
::1 - - [21/Jan/2022:21:58:11 +0000] "GET /https://cdn3.iconfinder.com/data/icons/3d-social-media-pack/128/Whatsapp.png HTTP/1.1" 404 - "http://localhost:8080/" "Mozilla/5.0 (Windows NT 10.0; Win64; x64) AppleWebKit/537.36 (KHTML, like Gecko) Chrome/97.0.4692.71 Safari/537.36"
::1 - - [21/Jan/2022:21:58:11 +0000] "GET /https://cdn3.iconfinder.com/data/icons/3d-social-media-pack/128/Facebook.png HTTP/1.1" 404 - "http://localhost:8080/" "Mozilla/5.0 (Windows NT 10.0; Win64; x64) AppleWebKit/537.36 (KHTML, like Gecko) Chrome/97.0.4692.71 Safari/537.36"
::1 - - [21/Jan/2022:21:58:16 +0000] "GET /api/info HTTP/1.1" 500 - "-" "Mozilla/5.0 (Windows NT 10.0; Win64; x64) AppleWebKit/537.36 (KHTML, like Gecko) Chrome/97.0.4692.71 Safari/537.36"
::1 - - [21/Jan/2022:21:58:16 +0000] "GET /css/main.css HTTP/1.1" 304 - "http://localhost:8080/api/info" "Mozilla/5.0 (Windows NT 10.0; Win64; x64) AppleWebKit/537.36 (KHTML, like Gecko) Chrome/97.0.4692.71 Safari/537.36"
::1 - - [21/Jan/2022:21:58:16 +0000] "GET /js/main.js HTTP/1.1" 304 - "http://localhost:8080/api/info" "Mozilla/5.0 (Windows NT 10.0; Win64; x64) AppleWebKit/537.36 (KHTML, like Gecko) Chrome/97.0.4692.71 Safari/537.36"
::1 - - [21/Jan/2022:21:58:19 +0000] "GET /css/main.css HTTP/1.1" 304 - "http://localhost:8080/api/info" "Mozilla/5.0 (Windows NT 10.0; Win64; x64) AppleWebKit/537.36 (KHTML, like Gecko) Chrome/97.0.4692.71 Safari/537.36"
::1 - - [21/Jan/2022:21:58:19 +0000] "GET /js/main.js HTTP/1.1" 304 - "http://localhost:8080/api/info" "Mozilla/5.0 (Windows NT 10.0; Win64; x64) AppleWebKit/537.36 (KHTML, like Gecko) Chrome/97.0.4692.71 Safari/537.36"
::1 - - [21/Jan/2022:21:58:51 +0000] "GET /api/info HTTP/1.1" 500 - "-" "Mozilla/5.0 (Windows NT 10.0; Win64; x64) AppleWebKit/537.36 (KHTML, like Gecko) Chrome/97.0.4692.71 Safari/537.36"
::1 - - [21/Jan/2022:21:58:51 +0000] "GET /js/main.js HTTP/1.1" 304 - "http://localhost:8080/api/info" "Mozilla/5.0 (Windows NT 10.0; Win64; x64) AppleWebKit/537.36 (KHTML, like Gecko) Chrome/97.0.4692.71 Safari/537.36"
::1 - - [21/Jan/2022:21:59:14 +0000] "GET /api/info HTTP/1.1" 200 - "-" "Mozilla/5.0 (Windows NT 10.0; Win64; x64) AppleWebKit/537.36 (KHTML, like Gecko) Chrome/97.0.4692.71 Safari/537.36"
::1 - - [21/Jan/2022:21:59:14 +0000] "GET /css/main.css HTTP/1.1" 304 - "http://localhost:8080/api/info" "Mozilla/5.0 (Windows NT 10.0; Win64; x64) AppleWebKit/537.36 (KHTML, like Gecko) Chrome/97.0.4692.71 Safari/537.36"
::1 - - [21/Jan/2022:21:59:14 +0000] "GET /js/main.js HTTP/1.1" 304 - "http://localhost:8080/api/info" "Mozilla/5.0 (Windows NT 10.0; Win64; x64) AppleWebKit/537.36 (KHTML, like Gecko) Chrome/97.0.4692.71 Safari/537.36"
::1 - - [21/Jan/2022:21:59:14 +0000] "GET /css/product.css HTTP/1.1" 304 - "http://localhost:8080/api/info" "Mozilla/5.0 (Windows NT 10.0; Win64; x64) AppleWebKit/537.36 (KHTML, like Gecko) Chrome/97.0.4692.71 Safari/537.36"
::1 - - [21/Jan/2022:22:00:01 +0000] "GET /api/info HTTP/1.1" 200 - "-" "Mozilla/5.0 (Windows NT 10.0; Win64; x64) AppleWebKit/537.36 (KHTML, like Gecko) Chrome/97.0.4692.71 Safari/537.36"
::1 - - [21/Jan/2022:22:00:01 +0000] "GET /js/main.js HTTP/1.1" 304 - "http://localhost:8080/api/info" "Mozilla/5.0 (Windows NT 10.0; Win64; x64) AppleWebKit/537.36 (KHTML, like Gecko) Chrome/97.0.4692.71 Safari/537.36"
::1 - - [21/Jan/2022:22:00:01 +0000] "GET /css/main.css HTTP/1.1" 304 - "http://localhost:8080/api/info" "Mozilla/5.0 (Windows NT 10.0; Win64; x64) AppleWebKit/537.36 (KHTML, like Gecko) Chrome/97.0.4692.71 Safari/537.36"
::1 - - [21/Jan/2022:22:00:01 +0000] "GET /css/product.css HTTP/1.1" 304 - "http://localhost:8080/api/info" "Mozilla/5.0 (Windows NT 10.0; Win64; x64) AppleWebKit/537.36 (KHTML, like Gecko) Chrome/97.0.4692.71 Safari/537.36"
